<?xml version="1.0" encoding="UTF-8"?>
<testsuite xmlns:xsi="http://www.w3.org/2001/XMLSchema-instance" xsi:noNamespaceSchemaLocation="https://maven.apache.org/surefire/maven-surefire-plugin/xsd/surefire-test-report-3.0.xsd" version="3.0" name="com.example.spring_boot_helloworld.SpringBootHelloworldApplicationTests" time="2.106" tests="1" errors="0" skipped="0" failures="0">
  <properties>
[...]
</properties>
  <testcase name="contextLoads" classname="com.example.spring_boot_helloworld.SpringBootHelloworldApplicationTests" time="0.706">
    <system-out><![CDATA[22:55:20.230 [main] INFO org.springframework.test.context.support.AnnotationConfigContextLoaderUtils -- Could not detect default configuration classes for test class [com.example.spring_boot_helloworld.SpringBootHelloworldApplicationTests]: SpringBootHelloworldApplicationTests does not declare any static, non-private, non-final, nested classes annotated with @Configuration.
22:55:20.309 [main] INFO org.springframework.boot.test.context.SpringBootTestContextBootstrapper -- Found @SpringBootConfiguration com.example.spring_boot_helloworld.SpringBootHelloworldApplication for test class com.example.spring_boot_helloworld.SpringBootHelloworldApplicationTests

  .   ____          _            __ _ _
 /\\ / ___'_ __ _ _(_)_ __  __ _ \ \ \ \
( ( )\___ | '_ | '_| | '_ \/ _` | \ \ \ \
 \\/  ___)| |_)| | | | | || (_| |  ) ) ) )
  '  |____| .__|_| |_|_| |_\__, | / / / /
 =========|_|==============|___/=/_/_/_/

 :: Spring Boot ::                (v3.3.4)

2024-09-30T22:55:20.638+05:30  INFO 17952 --- [spring-boot-helloworld] [           main] e.s.SpringBootHelloworldApplicationTests : Starting SpringBootHelloworldApplicationTests using Java 17.0.11 with PID 17952 (started by Deepak in E:\java-developer\javaprojects\spring-boot-helloworld)
2024-09-30T22:55:20.638+05:30  INFO 17952 --- [spring-boot-helloworld] [           main] e.s.SpringBootHelloworldApplicationTests : No active profile set, falling back to 1 default profile: "default"
2024-09-30T22:55:21.488+05:30  INFO 17952 --- [spring-boot-helloworld] [           main] e.s.SpringBootHelloworldApplicationTests : Started SpringBootHelloworldApplicationTests in 1.053 seconds (process running for 1.776)
]]></system-out>
  </testcase>
</testsuite>